-------------------------------------------------------------------------------
Test set: hybrid.WeahterApp.integration.CityControllerIntegrationTest
-------------------------------------------------------------------------------
Tests run: 1, Failures: 0, Errors: 1, Skipped: 0, Time elapsed: 0.891 s <<< FAILURE! - in hybrid.WeahterApp.integration.CityControllerIntegrationTest
getAvailableCities(hybrid.WeahterApp.integration.CityControllerIntegrationTest)  Time elapsed: 0.001 s  <<< ERROR!
java.lang.NoClassDefFoundError: Could not initialize class org.codehaus.groovy.reflection.ReflectionCache

